<?xml version="1.0" encoding="UTF-8"?>
<!-- Generated by org.testng.reporters.JUnitReportReporter -->
<testsuite hostname="FFE-Charle-Maro-J" failures="0" tests="2" name="praciceTestNg.CreateCampaignTest" time="22.364" errors="0" timestamp="2025-08-22T15:23:49 IST" skipped="0">
  <testcase classname="praciceTestNg.CreateCampaignTest" name="tc_001_createCampaignTest" time="11.701">
    <system-out>
      <![CDATA[Entered Campaign creation field
Entered Campaign name
Entered Target size
Clicked Create Capaign button]]>
    </system-out>
  </testcase> <!-- tc_001_createCampaignTest -->
  <testcase classname="praciceTestNg.CreateCampaignTest" name="sample" time="10.663"/>
  <system-out>
    <![CDATA[Entered Campaign creation field
Entered Campaign name
Entered Target size
Clicked Create Capaign button]]>
  </system-out>
</testsuite> <!-- praciceTestNg.CreateCampaignTest -->
