<?xml version="1.0" encoding="UTF-8"?>
<!-- Generated by org.testng.reporters.JUnitReportReporter -->
<testsuite hostname="FFE-Charle-Maro-J" failures="0" tests="6" name="praciceTestNg.TestNGPractice" time="0.041" errors="0" timestamp="2025-08-18T12:00:54 IST" skipped="0">
  <testcase classname="praciceTestNg.TestNGPractice" name="modify" time="0.002"/>
  <testcase classname="praciceTestNg.TestNGPractice" name="delete" time="0.008"/>
  <testcase classname="praciceTestNg.TestNGPractice" name="create" time="0.023"/>
  <testcase classname="praciceTestNg.TestNGPractice" name="create" time="0.003"/>
  <testcase classname="praciceTestNg.TestNGPractice" name="create" time="0.002"/>
  <testcase classname="praciceTestNg.TestNGPractice" name="create" time="0.003"/>
</testsuite> <!-- praciceTestNg.TestNGPractice -->
