<?xml version="1.0" encoding="UTF-8"?>
<!-- Generated by org.testng.reporters.JUnitReportReporter -->
<testsuite hostname="FFE-Charle-Maro-J" failures="0" tests="1" name="Practise.ReadCmdLineDatatest" time="0.015" errors="0" timestamp="2025-08-23T10:05:26 IST" skipped="0">
  <testcase classname="Practise.ReadCmdLineDatatest" name="readCmdtest" time="0.015"/>
</testsuite> <!-- Practise.ReadCmdLineDatatest -->
