<?xml version="1.0" encoding="UTF-8"?>
<!-- Generated by org.testng.reporters.JUnitReportReporter -->
<testsuite hostname="FFE-Charle-Maro-J" failures="0" tests="1" name="Practise.ReadCmdLineDatatest" time="0.008" errors="0" timestamp="2025-08-22T12:45:58 IST" skipped="0">
  <testcase classname="Practise.ReadCmdLineDatatest" name="readCmdtest" time="0.008"/>
</testsuite> <!-- Practise.ReadCmdLineDatatest -->
